05/Fev 22:32:34,409 INFO  (MyMeterChannel.java:50) - <OUTGOING ISO MESSAGE LENGTH = [56]
05/Fev 22:32:34,428 INFO  (MyMeterChannel.java:71) - <INCOMING ISO MESSAGE LENGTH = [56]
05/Fev 22:32:34,430 INFO  (ISOLogUtil.java:15) - <ISO MESSAGE BINARY DUMP>
05/Fev 22:32:34,430 INFO  (ISOLogUtil.java:17) -   <OUTGOING MESSAGE>
05/Fev 22:32:34,431 INFO  (ISOLogUtil.java:18) -     <HEADER =[6000010000]>
05/Fev 22:32:34,431 INFO  (ISOLogUtil.java:20) -     <MESSAGE=[08002020000000C000009900000001234E534F4D413030302020202020202020303030303030303030303030303030]>
05/Fev 22:32:34,432 INFO  (ISOLogUtil.java:21) -   </OUTGOING MESSAGE>
05/Fev 22:32:34,432 INFO  (ISOLogUtil.java:23) -   <INCOMING MESSAGE>
05/Fev 22:32:34,432 INFO  (ISOLogUtil.java:26) -     <HEADER =[6000000001]>
05/Fev 22:32:34,433 INFO  (ISOLogUtil.java:28) -     <MESSAGE=[08102020000000C000009900000001234E534F4D413030302020202020202020303030303030303030303030303030]>
05/Fev 22:32:34,433 INFO  (ISOLogUtil.java:32) -   </INCOMING MESSAGE>
05/Fev 22:32:34,434 INFO  (ISOLogUtil.java:34) - </ISO MESSAGE BINARY DUMP>
05/Fev 22:35:26,997 INFO  (MyMeterChannel.java:50) - <OUTGOING ISO MESSAGE LENGTH = [56]
05/Fev 22:35:27,015 INFO  (MyMeterChannel.java:71) - <INCOMING ISO MESSAGE LENGTH = [56]
05/Fev 22:35:27,017 INFO  (ISOLogUtil.java:15) - <ISO MESSAGE BINARY DUMP>
05/Fev 22:35:27,017 INFO  (ISOLogUtil.java:17) -   <OUTGOING MESSAGE>
05/Fev 22:35:27,017 INFO  (ISOLogUtil.java:18) -     <HEADER =[6000010000]>
05/Fev 22:35:27,018 INFO  (ISOLogUtil.java:20) -     <MESSAGE=[08002020000000C000009900000001234E534F4D413030302020202020202020303030303030303030303030303030]>
05/Fev 22:35:27,018 INFO  (ISOLogUtil.java:21) -   </OUTGOING MESSAGE>
05/Fev 22:35:27,019 INFO  (ISOLogUtil.java:23) -   <INCOMING MESSAGE>
05/Fev 22:35:27,019 INFO  (ISOLogUtil.java:26) -     <HEADER =[6000000001]>
05/Fev 22:35:27,019 INFO  (ISOLogUtil.java:28) -     <MESSAGE=[08102020000000C000009900000001234E534F4D413030302020202020202020303030303030303030303030303030]>
05/Fev 22:35:27,020 INFO  (ISOLogUtil.java:32) -   </INCOMING MESSAGE>
05/Fev 22:35:27,020 INFO  (ISOLogUtil.java:34) - </ISO MESSAGE BINARY DUMP>
05/Fev 22:40:16,219 INFO  (MyMeterChannel.java:50) - <OUTGOING ISO MESSAGE LENGTH = [83]
05/Fev 22:40:16,229 INFO  (MyMeterChannel.java:71) - <INCOMING ISO MESSAGE LENGTH = [70]
05/Fev 22:40:16,231 INFO  (ISOLogUtil.java:15) - <ISO MESSAGE BINARY DUMP>
05/Fev 22:40:16,231 INFO  (ISOLogUtil.java:17) -   <OUTGOING MESSAGE>
05/Fev 22:40:16,231 INFO  (ISOLogUtil.java:18) -     <HEADER =[6000010000]>
05/Fev 22:40:16,232 INFO  (ISOLogUtil.java:20) -     <MESSAGE=[04002020000008C2000000200000220931363136323134313035333333333836392020204E534F4D41303034202020202020202030303030303030303030303030303041414130303030]>
05/Fev 22:40:16,232 INFO  (ISOLogUtil.java:21) -   </OUTGOING MESSAGE>
05/Fev 22:40:16,232 INFO  (ISOLogUtil.java:23) -   <INCOMING MESSAGE>
05/Fev 22:40:16,233 INFO  (ISOLogUtil.java:26) -     <HEADER =[6000000001]>
05/Fev 22:40:16,233 INFO  (ISOLogUtil.java:28) -     <MESSAGE=[0410203000000A80000000200000220920170205224016313631363231343130353333333338363920202030304E534F4D413030342020202020202020]>
05/Fev 22:40:16,234 INFO  (ISOLogUtil.java:32) -   </INCOMING MESSAGE>
05/Fev 22:40:16,234 INFO  (ISOLogUtil.java:34) - </ISO MESSAGE BINARY DUMP>
05/Fev 22:56:55,897 INFO  (MyMeterChannel.java:50) - <OUTGOING ISO MESSAGE LENGTH = [83]
05/Fev 22:56:55,918 INFO  (MyMeterChannel.java:71) - <INCOMING ISO MESSAGE LENGTH = [70]
05/Fev 22:56:55,919 INFO  (ISOLogUtil.java:15) - <ISO MESSAGE BINARY DUMP>
05/Fev 22:56:55,919 INFO  (ISOLogUtil.java:17) -   <OUTGOING MESSAGE>
05/Fev 22:56:55,920 INFO  (ISOLogUtil.java:18) -     <HEADER =[6000010000]>
05/Fev 22:56:55,920 INFO  (ISOLogUtil.java:20) -     <MESSAGE=[04002020000008C2000000200000220931363136323134313035333333333836392020204E534F4D41303034202020202020202030303030303030303030303030303041414130303030]>
05/Fev 22:56:55,921 INFO  (ISOLogUtil.java:21) -   </OUTGOING MESSAGE>
05/Fev 22:56:55,921 INFO  (ISOLogUtil.java:23) -   <INCOMING MESSAGE>
05/Fev 22:56:55,921 INFO  (ISOLogUtil.java:26) -     <HEADER =[6000000001]>
05/Fev 22:56:55,922 INFO  (ISOLogUtil.java:28) -     <MESSAGE=[0410203000000A80000000200000220920170205225655313631363231343130353333333338363920202030304E534F4D413030342020202020202020]>
05/Fev 22:56:55,922 INFO  (ISOLogUtil.java:32) -   </INCOMING MESSAGE>
05/Fev 22:56:55,922 INFO  (ISOLogUtil.java:34) - </ISO MESSAGE BINARY DUMP>
12/Fev 21:01:23,663 INFO  (MyMeterChannel.java:50) - <OUTGOING ISO MESSAGE LENGTH = [83]
12/Fev 21:01:23,708 INFO  (MyMeterChannel.java:71) - <INCOMING ISO MESSAGE LENGTH = [70]
12/Fev 21:01:23,709 DEBUG (ISOLogUtil.java:15) - <ISO MESSAGE BINARY DUMP>
12/Fev 21:01:23,709 DEBUG (ISOLogUtil.java:17) -   <OUTGOING MESSAGE>
12/Fev 21:01:23,710 DEBUG (ISOLogUtil.java:18) -     <HEADER =[6000010000]>
12/Fev 21:01:23,710 DEBUG (ISOLogUtil.java:20) -     <MESSAGE=[04002020000008C2000000200000220931363136323134313035333333333836392020204E534F4D41303034202020202020202030303030303030303030303030303041414130303030]>
12/Fev 21:01:23,711 DEBUG (ISOLogUtil.java:21) -   </OUTGOING MESSAGE>
12/Fev 21:01:23,711 DEBUG (ISOLogUtil.java:23) -   <INCOMING MESSAGE>
12/Fev 21:01:23,711 DEBUG (ISOLogUtil.java:26) -     <HEADER =[6000000001]>
12/Fev 21:01:23,712 DEBUG (ISOLogUtil.java:28) -     <MESSAGE=[0410203000000A80000000200000220920170212210123313631363231343130353333333338363920202030304E534F4D413030342020202020202020]>
12/Fev 21:01:23,712 DEBUG (ISOLogUtil.java:32) -   </INCOMING MESSAGE>
12/Fev 21:01:23,712 DEBUG (ISOLogUtil.java:34) - </ISO MESSAGE BINARY DUMP>
